<?xml version="1.0" encoding="UTF-8"?>
<!-- Generated by org.testng.reporters.JUnitReportReporter -->
<testsuite skipped="0" hostname="DESK" name="org.apache.plugins.CloudwatchHandlerTest" tests="1" failures="0" timestamp="28 Jun 2017 07:00:53 GMT" time="2.386" errors="0">
  <testcase name="test" time="2.386" classname="org.apache.plugins.CloudwatchHandlerTest"/>
</testsuite> <!-- org.apache.plugins.CloudwatchHandlerTest -->
